<?xml version="1.0" encoding="UTF-8"?>
<!-- Generated by org.testng.reporters.JUnitReportReporter -->
<testsuite skipped="0" hostname="DESKTOP-IA0DLJF" name="test.java.com.pulse.Test.ValidLogin2" tests="2" failures="0" timestamp="12 May 2019 12:53:02 GMT" time="266.105" errors="0">
  <testcase name="TC4" time="150.609" classname="test.java.com.pulse.Test.ValidLogin2"/>
  <testcase name="TC3" time="115.496" classname="test.java.com.pulse.Test.ValidLogin2"/>
</testsuite> <!-- test.java.com.pulse.Test.ValidLogin2 -->
