<?xml version="1.0" encoding="UTF-8"?>
<!-- Generated by org.testng.reporters.JUnitReportReporter -->
<testsuite hostname="DESKTOP-IA0DLJF" name="test.java.com.pulse.Test.ValidLogin4" tests="2" failures="0" timestamp="7 May 2019 03:38:01 GMT" time="222.086" errors="0">
  <testcase name="TC8" time="64.539" classname="test.java.com.pulse.Test.ValidLogin4"/>
  <testcase name="TC7" time="157.547" classname="test.java.com.pulse.Test.ValidLogin4"/>
</testsuite> <!-- test.java.com.pulse.Test.ValidLogin4 -->
