<?xml version="1.0" encoding="UTF-8"?>
<!-- Generated by org.testng.reporters.JUnitReportReporter -->
<testsuite skipped="0" hostname="DESKTOP-IA0DLJF" name="test.java.com.pulse.Test.ValidLogin4" tests="2" failures="0" timestamp="12 May 2019 12:53:02 GMT" time="431.377" errors="0">
  <testcase name="TC8" time="163.598" classname="test.java.com.pulse.Test.ValidLogin4"/>
  <testcase name="TC7" time="267.779" classname="test.java.com.pulse.Test.ValidLogin4"/>
</testsuite> <!-- test.java.com.pulse.Test.ValidLogin4 -->
