<?xml version="1.0" encoding="UTF-8"?>
<!-- Generated by org.testng.reporters.JUnitReportReporter -->
<testsuite skipped="0" hostname="DESKTOP-IA0DLJF" name="test.java.com.pulse.Test.ValidLogin3" tests="2" failures="0" timestamp="12 May 2019 12:53:02 GMT" time="142.917" errors="0">
  <testcase name="TC5" time="61.725" classname="test.java.com.pulse.Test.ValidLogin3"/>
  <testcase name="TC6" time="81.192" classname="test.java.com.pulse.Test.ValidLogin3"/>
</testsuite> <!-- test.java.com.pulse.Test.ValidLogin3 -->
